2025-05-08 21:37:59,454 - INFO - 已載入自定義字典，共 195 個詞
2025-05-08 21:37:59,454 - INFO - 已載入閾值設定: {'positive': 0.9000000000000002, 'negative': 0.2}
2025-05-08 21:37:59,455 - INFO - 情感分析器初始化完成
2025-05-08 21:38:07,621 - INFO - 已載入自定義字典，共 195 個詞
2025-05-08 21:38:07,622 - INFO - 已載入閾值設定: {'positive': 0.9000000000000002, 'negative': 0.2}
2025-05-08 21:38:07,622 - INFO - 情感分析器初始化完成
2025-05-08 21:41:17,856 - INFO - 已載入自定義字典，共 195 個詞
2025-05-08 21:41:17,856 - INFO - 已載入閾值設定: {'positive': 0.9000000000000002, 'negative': 0.2}
2025-05-08 21:41:17,857 - INFO - 情感分析器初始化完成
2025-05-08 21:41:19,435 - INFO - 已載入自定義字典，共 195 個詞
2025-05-08 21:41:19,436 - INFO - 已載入閾值設定: {'positive': 0.9000000000000002, 'negative': 0.2}
2025-05-08 21:41:19,436 - INFO - 情感分析器初始化完成
2025-05-08 21:41:21,490 - INFO - 已載入自定義字典，共 195 個詞
2025-05-08 21:41:21,491 - INFO - 已載入閾值設定: {'positive': 0.9000000000000002, 'negative': 0.2}
2025-05-08 21:41:21,491 - INFO - 情感分析器初始化完成
2025-05-08 21:41:21,505 - INFO - 完成文本分析 - 長度: 14, 情感: 中性, 信心: 0.60
2025-05-08 21:43:03,887 - INFO - 已載入自定義字典，共 195 個詞
2025-05-08 21:43:03,887 - INFO - 已載入閾值設定: {'positive': 0.9000000000000002, 'negative': 0.2}
2025-05-08 21:43:03,887 - INFO - 情感分析器初始化完成
2025-05-08 21:43:05,855 - INFO - 已載入自定義字典，共 195 個詞
2025-05-08 21:43:05,855 - INFO - 已載入閾值設定: {'positive': 0.9000000000000002, 'negative': 0.2}
2025-05-08 21:43:05,856 - INFO - 情感分析器初始化完成
2025-05-08 21:43:06,628 - INFO - 已載入自定義字典，共 195 個詞
2025-05-08 21:43:06,628 - INFO - 已載入閾值設定: {'positive': 0.9000000000000002, 'negative': 0.2}
2025-05-08 21:43:06,629 - INFO - 情感分析器初始化完成
2025-05-08 21:43:06,641 - INFO - 完成文本分析 - 長度: 14, 情感: 中性, 信心: 0.60
2025-05-08 21:43:26,458 - INFO - 已載入自定義字典，共 195 個詞
2025-05-08 21:43:26,458 - INFO - 已載入閾值設定: {'positive': 0.9000000000000002, 'negative': 0.2}
2025-05-08 21:43:26,459 - INFO - 情感分析器初始化完成
2025-05-08 21:43:27,392 - INFO - 已載入自定義字典，共 195 個詞
2025-05-08 21:43:27,392 - INFO - 已載入閾值設定: {'positive': 0.9000000000000002, 'negative': 0.2}
2025-05-08 21:43:27,394 - INFO - 情感分析器初始化完成
2025-05-08 21:43:27,408 - INFO - 完成文本分析 - 長度: 12, 情感: 負面, 信心: 0.65
